<?xml version="1.0" encoding="UTF-8"?>
<!-- Generated by org.testng.reporters.JUnitReportReporter -->
<testsuite hostname="LAPTOP-CVQDGN4H" failures="0" tests="1" name="rahulshettyacademy.StandAloneTest" time="9.625" errors="0" timestamp="2025-05-06T22:21:27 IST" skipped="0">
  <testcase classname="rahulshettyacademy.StandAloneTest" name="submitOrder" time="9.625"/>
  <system-out/>
</testsuite> <!-- rahulshettyacademy.StandAloneTest -->
