<?xml version="1.0" encoding="UTF-8"?>
<!-- Generated by org.testng.reporters.JUnitReportReporter -->
<testsuite hostname="LAPTOP-CVQDGN4H" failures="0" tests="2" name="rahulshettyacademy.tests.SubmitOrderTest" time="18.154" errors="0" timestamp="2025-05-11T12:41:25 IST" skipped="0">
  <testcase classname="rahulshettyacademy.tests.SubmitOrderTest" name="submitOrder" time="9.844"/>
  <testcase classname="rahulshettyacademy.tests.SubmitOrderTest" name="OrderHistorytest" time="8.310"/>
</testsuite> <!-- rahulshettyacademy.tests.SubmitOrderTest -->
